{
  "RSpec": {
    "coverage": {
      "/Users/giorgio/Projects/chitter-challenge-apprenticeships/app.rb": {
        "lines": [
          1,
          1,
          1,
          null,
          1,
          1,
          1,
          null,
          null,
          1,
          3,
          3,
          null,
          null,
          1,
          1,
          1,
          1,
          1,
          null,
          null,
          1,
          null
        ]
      },
      "/Users/giorgio/Projects/chitter-challenge-apprenticeships/lib/chitter.rb": {
        "lines": [
          1,
          null,
          1,
          null,
          1,
          0,
          0,
          null,
          null,
          1,
          4,
          4,
          null,
          0,
          null,
          4,
          4,
          5,
          null,
          null,
          1,
          1,
          1,
          null,
          0,
          null,
          1,
          null,
          null
        ]
      },
      "/Users/giorgio/Projects/chitter-challenge-apprenticeships/spec/chitter_spec.rb": {
        "lines": [
          1,
          1,
          null,
          null,
          1,
          1,
          1,
          1,
          null,
          1,
          null,
          1,
          null,
          null,
          null
        ]
      },
      "/Users/giorgio/Projects/chitter-challenge-apprenticeships/spec/features/posting_messages_spec.rb": {
        "lines": [
          1,
          1,
          1,
          1,
          1,
          1,
          null,
          1,
          1,
          null,
          null
        ]
      },
      "/Users/giorgio/Projects/chitter-challenge-apprenticeships/spec/features/test_page_spec.rb": {
        "lines": [
          1,
          1,
          1,
          1,
          null,
          null
        ]
      },
      "/Users/giorgio/Projects/chitter-challenge-apprenticeships/spec/features/view_peeps_spec.rb": {
        "lines": [
          1,
          null,
          null,
          null,
          null,
          null,
          1,
          1,
          1,
          1,
          null,
          null
        ]
      }
    },
    "timestamp": 1604763719
  }
}
